[GRAPH]: [NETS:] 898001 [VERTICES:] 917944
[PARTITION PARAMETERS]: [IMBALANCE]: 1
[STEP]: 1 [BEST COST]: 29659 [BALANCE]: 1
[STEP]: 2 [BEST COST]: 23050 [BALANCE]: 1
[STEP]: 3 [BEST COST]: 22133 [BALANCE]: 1
[STEP]: 4 [BEST COST]: 22077 [BALANCE]: 1
[STEP]: 5 [BEST COST]: 21652 [BALANCE]: -1
[STEP]: 6 [BEST COST]: 19924 [BALANCE]: -1
[STEP]: 7 [BEST COST]: 19680 [BALANCE]: -1
[STEP]: 8 [BEST COST]: 19033 [BALANCE]: 1
[STEP]: 9 [BEST COST]: 18768 [BALANCE]: -1
[STEP]: 10 [BEST COST]: 18767 [BALANCE]: 1
[STEP]: 11 [BEST COST]: 18766 [BALANCE]: 1
[STEP]: 12 [BEST COST]: 18765 [BALANCE]: -1
[STEP]: 13 [BEST COST]: 18761 [BALANCE]: 0
[STEP]: 14 [BEST COST]: 18744 [BALANCE]: 1
[STEP]: 15 [BEST COST]: 18734 [BALANCE]: -1
[STEP]: 16 [BEST COST]: 18734 [BALANCE]: -1
[EXECUTION TIME]: 126006347 mc
[EXECUTION TIME]: 126 sec
