[GRAPH]: [NETS:] 77240 [VERTICES:] 71076
[PARTITION PARAMETERS]: [IMBALANCE]: 1
[STEP]: 1 [BEST COST]: 21937 [BALANCE]: 1
[STEP]: 2 [BEST COST]: 18041 [BALANCE]: 1
[STEP]: 3 [BEST COST]: 16862 [BALANCE]: 1
[STEP]: 4 [BEST COST]: 16249 [BALANCE]: 1
[STEP]: 5 [BEST COST]: 15990 [BALANCE]: 1
[STEP]: 6 [BEST COST]: 15872 [BALANCE]: 1
[STEP]: 7 [BEST COST]: 15807 [BALANCE]: 1
[STEP]: 8 [BEST COST]: 15730 [BALANCE]: -1
[STEP]: 9 [BEST COST]: 15728 [BALANCE]: 1
[STEP]: 10 [BEST COST]: 15631 [BALANCE]: -1
[STEP]: 11 [BEST COST]: 15554 [BALANCE]: -1
[STEP]: 12 [BEST COST]: 15513 [BALANCE]: 1
[STEP]: 13 [BEST COST]: 15502 [BALANCE]: 1
[STEP]: 14 [BEST COST]: 15485 [BALANCE]: 1
[STEP]: 15 [BEST COST]: 15317 [BALANCE]: -1
[STEP]: 16 [BEST COST]: 15181 [BALANCE]: -1
[STEP]: 17 [BEST COST]: 15163 [BALANCE]: -1
[STEP]: 18 [BEST COST]: 15135 [BALANCE]: -1
[STEP]: 19 [BEST COST]: 15120 [BALANCE]: 1
[STEP]: 20 [BEST COST]: 15109 [BALANCE]: 1
[STEP]: 21 [BEST COST]: 15093 [BALANCE]: -1
[STEP]: 22 [BEST COST]: 15092 [BALANCE]: -1
[STEP]: 23 [BEST COST]: 15092 [BALANCE]: -1
[EXECUTION TIME]: 13605340 mc
[EXECUTION TIME]: 13 sec
