[GRAPH]: [NETS:] 189581 [VERTICES:] 185495
[PARTITION PARAMETERS]: [IMBALANCE]: 1
[STEP]: 1 [BEST COST]: 56039 [BALANCE]: -1
[STEP]: 2 [BEST COST]: 47061 [BALANCE]: 1
[STEP]: 3 [BEST COST]: 44235 [BALANCE]: -1
[STEP]: 4 [BEST COST]: 43006 [BALANCE]: 1
[STEP]: 5 [BEST COST]: 42414 [BALANCE]: -1
[STEP]: 6 [BEST COST]: 42055 [BALANCE]: 1
[STEP]: 7 [BEST COST]: 41951 [BALANCE]: 1
[STEP]: 8 [BEST COST]: 41892 [BALANCE]: 0
[STEP]: 9 [BEST COST]: 41592 [BALANCE]: -1
[STEP]: 10 [BEST COST]: 41574 [BALANCE]: -1
[STEP]: 11 [BEST COST]: 41506 [BALANCE]: -1
[STEP]: 12 [BEST COST]: 41490 [BALANCE]: -1
[STEP]: 13 [BEST COST]: 41481 [BALANCE]: 0
[STEP]: 14 [BEST COST]: 41442 [BALANCE]: 1
[STEP]: 15 [BEST COST]: 41441 [BALANCE]: 0
[STEP]: 16 [BEST COST]: 41425 [BALANCE]: 1
[STEP]: 17 [BEST COST]: 41376 [BALANCE]: -1
[STEP]: 18 [BEST COST]: 41306 [BALANCE]: -1
[STEP]: 19 [BEST COST]: 41289 [BALANCE]: -1
[STEP]: 20 [BEST COST]: 41288 [BALANCE]: -1
[STEP]: 21 [BEST COST]: 41262 [BALANCE]: -1
[STEP]: 22 [BEST COST]: 41241 [BALANCE]: -1
[STEP]: 23 [BEST COST]: 41222 [BALANCE]: 1
[STEP]: 24 [BEST COST]: 41195 [BALANCE]: 1
[STEP]: 25 [BEST COST]: 41195 [BALANCE]: 1
[EXECUTION TIME]: 44127377 mc
[EXECUTION TIME]: 44 sec
