[GRAPH]: [NETS:] 201920 [VERTICES:] 210613
[PARTITION PARAMETERS]: [IMBALANCE]: 1
[STEP]: 1 [BEST COST]: 48674 [BALANCE]: -1
[STEP]: 2 [BEST COST]: 39138 [BALANCE]: -1
[STEP]: 3 [BEST COST]: 36101 [BALANCE]: 1
[STEP]: 4 [BEST COST]: 35060 [BALANCE]: 1
[STEP]: 5 [BEST COST]: 34723 [BALANCE]: -1
[STEP]: 6 [BEST COST]: 33702 [BALANCE]: -1
[STEP]: 7 [BEST COST]: 33462 [BALANCE]: 1
[STEP]: 8 [BEST COST]: 33391 [BALANCE]: -1
[STEP]: 9 [BEST COST]: 33302 [BALANCE]: 1
[STEP]: 10 [BEST COST]: 33033 [BALANCE]: 1
[STEP]: 11 [BEST COST]: 32979 [BALANCE]: 1
[STEP]: 12 [BEST COST]: 32954 [BALANCE]: 1
[STEP]: 13 [BEST COST]: 32897 [BALANCE]: -1
[STEP]: 14 [BEST COST]: 32761 [BALANCE]: -1
[STEP]: 15 [BEST COST]: 32734 [BALANCE]: -1
[STEP]: 16 [BEST COST]: 32707 [BALANCE]: 0
[STEP]: 17 [BEST COST]: 32619 [BALANCE]: 1
[STEP]: 18 [BEST COST]: 32582 [BALANCE]: 1
[STEP]: 19 [BEST COST]: 32579 [BALANCE]: 1
[STEP]: 20 [BEST COST]: 32451 [BALANCE]: 1
[STEP]: 21 [BEST COST]: 32356 [BALANCE]: -1
[STEP]: 22 [BEST COST]: 32265 [BALANCE]: 1
[STEP]: 23 [BEST COST]: 32255 [BALANCE]: 1
[STEP]: 24 [BEST COST]: 32210 [BALANCE]: 1
[STEP]: 25 [BEST COST]: 32094 [BALANCE]: 1
[STEP]: 26 [BEST COST]: 32084 [BALANCE]: -1
[STEP]: 27 [BEST COST]: 32078 [BALANCE]: 1
[STEP]: 28 [BEST COST]: 32054 [BALANCE]: -1
[STEP]: 29 [BEST COST]: 32041 [BALANCE]: 1
[STEP]: 30 [BEST COST]: 32026 [BALANCE]: 1
[STEP]: 31 [BEST COST]: 32013 [BALANCE]: 1
[STEP]: 32 [BEST COST]: 31984 [BALANCE]: 1
[STEP]: 33 [BEST COST]: 31955 [BALANCE]: -1
[STEP]: 34 [BEST COST]: 31937 [BALANCE]: -1
[STEP]: 35 [BEST COST]: 31931 [BALANCE]: 1
[STEP]: 36 [BEST COST]: 31930 [BALANCE]: 1
[STEP]: 37 [BEST COST]: 31918 [BALANCE]: -1
[STEP]: 38 [BEST COST]: 31869 [BALANCE]: 1
[STEP]: 39 [BEST COST]: 31854 [BALANCE]: -1
[STEP]: 40 [BEST COST]: 31842 [BALANCE]: -1
[STEP]: 41 [BEST COST]: 31834 [BALANCE]: 1
[STEP]: 42 [BEST COST]: 31816 [BALANCE]: -1
[STEP]: 43 [BEST COST]: 31788 [BALANCE]: 1
[STEP]: 44 [BEST COST]: 31758 [BALANCE]: 1
[STEP]: 45 [BEST COST]: 31751 [BALANCE]: 1
[STEP]: 46 [BEST COST]: 31740 [BALANCE]: 1
[STEP]: 47 [BEST COST]: 31708 [BALANCE]: -1
[STEP]: 48 [BEST COST]: 31701 [BALANCE]: -1
[STEP]: 49 [BEST COST]: 31679 [BALANCE]: -1
[STEP]: 50 [BEST COST]: 31668 [BALANCE]: -1
[STEP]: 51 [BEST COST]: 31667 [BALANCE]: -1
[STEP]: 52 [BEST COST]: 31663 [BALANCE]: -1
[STEP]: 53 [BEST COST]: 31650 [BALANCE]: 1
[STEP]: 54 [BEST COST]: 31645 [BALANCE]: -1
[STEP]: 55 [BEST COST]: 31616 [BALANCE]: -1
[STEP]: 56 [BEST COST]: 31602 [BALANCE]: -1
[STEP]: 57 [BEST COST]: 31553 [BALANCE]: 1
[STEP]: 58 [BEST COST]: 31531 [BALANCE]: 1
[STEP]: 59 [BEST COST]: 31527 [BALANCE]: 1
[STEP]: 60 [BEST COST]: 31522 [BALANCE]: 1
[STEP]: 61 [BEST COST]: 31514 [BALANCE]: -1
[STEP]: 62 [BEST COST]: 31478 [BALANCE]: -1
[STEP]: 63 [BEST COST]: 31469 [BALANCE]: 1
[STEP]: 64 [BEST COST]: 31456 [BALANCE]: 1
[STEP]: 65 [BEST COST]: 31452 [BALANCE]: -1
[STEP]: 66 [BEST COST]: 31446 [BALANCE]: -1
[STEP]: 67 [BEST COST]: 31439 [BALANCE]: 1
[STEP]: 68 [BEST COST]: 31433 [BALANCE]: -1
[STEP]: 69 [BEST COST]: 31432 [BALANCE]: -1
[STEP]: 70 [BEST COST]: 31423 [BALANCE]: -1
[STEP]: 71 [BEST COST]: 31404 [BALANCE]: 1
[STEP]: 72 [BEST COST]: 31393 [BALANCE]: 1
[STEP]: 73 [BEST COST]: 31389 [BALANCE]: 1
[STEP]: 74 [BEST COST]: 31389 [BALANCE]: 1
[EXECUTION TIME]: 130265775 mc
[EXECUTION TIME]: 130 sec
