[GRAPH]: [NETS:] 186608 [VERTICES:] 161570
[PARTITION PARAMETERS]: [IMBALANCE]: 1
[STEP]: 1 [BEST COST]: 45605 [BALANCE]: -1
[STEP]: 2 [BEST COST]: 35879 [BALANCE]: 1
[STEP]: 3 [BEST COST]: 33098 [BALANCE]: -1
[STEP]: 4 [BEST COST]: 32457 [BALANCE]: 1
[STEP]: 5 [BEST COST]: 32200 [BALANCE]: 0
[STEP]: 6 [BEST COST]: 30309 [BALANCE]: -1
[STEP]: 7 [BEST COST]: 30079 [BALANCE]: -1
[STEP]: 8 [BEST COST]: 30025 [BALANCE]: 1
[STEP]: 9 [BEST COST]: 29961 [BALANCE]: -1
[STEP]: 10 [BEST COST]: 29921 [BALANCE]: -1
[STEP]: 11 [BEST COST]: 29848 [BALANCE]: -1
[STEP]: 12 [BEST COST]: 29815 [BALANCE]: -1
[STEP]: 13 [BEST COST]: 29796 [BALANCE]: 1
[STEP]: 14 [BEST COST]: 29433 [BALANCE]: -1
[STEP]: 15 [BEST COST]: 29372 [BALANCE]: -1
[STEP]: 16 [BEST COST]: 29356 [BALANCE]: -1
[STEP]: 17 [BEST COST]: 29311 [BALANCE]: -1
[STEP]: 18 [BEST COST]: 29172 [BALANCE]: -1
[STEP]: 19 [BEST COST]: 29120 [BALANCE]: -1
[STEP]: 20 [BEST COST]: 29106 [BALANCE]: -1
[STEP]: 21 [BEST COST]: 29102 [BALANCE]: 1
[STEP]: 22 [BEST COST]: 29102 [BALANCE]: 1
[EXECUTION TIME]: 33701824 mc
[EXECUTION TIME]: 33 sec
