[GRAPH]: [NETS:] 99666 [VERTICES:] 84199
[PARTITION PARAMETERS]: [IMBALANCE]: 1
[STEP]: 1 [BEST COST]: 24259 [BALANCE]: -1
[STEP]: 2 [BEST COST]: 19144 [BALANCE]: 1
[STEP]: 3 [BEST COST]: 18068 [BALANCE]: -1
[STEP]: 4 [BEST COST]: 17672 [BALANCE]: 1
[STEP]: 5 [BEST COST]: 17499 [BALANCE]: 1
[STEP]: 6 [BEST COST]: 17331 [BALANCE]: -1
[STEP]: 7 [BEST COST]: 17225 [BALANCE]: 1
[STEP]: 8 [BEST COST]: 17156 [BALANCE]: -1
[STEP]: 9 [BEST COST]: 17138 [BALANCE]: 1
[STEP]: 10 [BEST COST]: 17131 [BALANCE]: 1
[STEP]: 11 [BEST COST]: 17129 [BALANCE]: 1
[STEP]: 12 [BEST COST]: 17063 [BALANCE]: 1
[STEP]: 13 [BEST COST]: 17012 [BALANCE]: -1
[STEP]: 14 [BEST COST]: 16974 [BALANCE]: -1
[STEP]: 15 [BEST COST]: 16970 [BALANCE]: -1
[STEP]: 16 [BEST COST]: 16944 [BALANCE]: 1
[STEP]: 17 [BEST COST]: 16917 [BALANCE]: -1
[STEP]: 18 [BEST COST]: 16909 [BALANCE]: 1
[STEP]: 19 [BEST COST]: 16905 [BALANCE]: -1
[STEP]: 20 [BEST COST]: 16896 [BALANCE]: -1
[STEP]: 21 [BEST COST]: 16892 [BALANCE]: -1
[STEP]: 22 [BEST COST]: 16888 [BALANCE]: 1
[STEP]: 23 [BEST COST]: 16886 [BALANCE]: -1
[STEP]: 24 [BEST COST]: 16869 [BALANCE]: 1
[STEP]: 25 [BEST COST]: 16868 [BALANCE]: 1
[STEP]: 26 [BEST COST]: 16859 [BALANCE]: 1
[STEP]: 27 [BEST COST]: 16838 [BALANCE]: 1
[STEP]: 28 [BEST COST]: 16832 [BALANCE]: 1
[STEP]: 29 [BEST COST]: 16824 [BALANCE]: 1
[STEP]: 30 [BEST COST]: 16823 [BALANCE]: 1
[STEP]: 31 [BEST COST]: 16820 [BALANCE]: 1
[STEP]: 32 [BEST COST]: 16817 [BALANCE]: 1
[STEP]: 33 [BEST COST]: 16817 [BALANCE]: 1
[EXECUTION TIME]: 23855927 mc
[EXECUTION TIME]: 23 sec
