[GRAPH]: [NETS:] 27401 [VERTICES:] 23136
[PARTITION PARAMETERS]: [IMBALANCE]: 1
[STEP]: 1 [BEST COST]: 6283 [BALANCE]: -1
[STEP]: 2 [BEST COST]: 5091 [BALANCE]: 1
[STEP]: 3 [BEST COST]: 4890 [BALANCE]: -1
[STEP]: 4 [BEST COST]: 4806 [BALANCE]: -1
[STEP]: 5 [BEST COST]: 4791 [BALANCE]: 1
[STEP]: 6 [BEST COST]: 4778 [BALANCE]: 1
[STEP]: 7 [BEST COST]: 4759 [BALANCE]: -1
[STEP]: 8 [BEST COST]: 4683 [BALANCE]: 1
[STEP]: 9 [BEST COST]: 4675 [BALANCE]: 1
[STEP]: 10 [BEST COST]: 4670 [BALANCE]: 1
[STEP]: 11 [BEST COST]: 4663 [BALANCE]: -1
[STEP]: 12 [BEST COST]: 4657 [BALANCE]: 1
[STEP]: 13 [BEST COST]: 4656 [BALANCE]: 1
[STEP]: 14 [BEST COST]: 4650 [BALANCE]: -1
[STEP]: 15 [BEST COST]: 4647 [BALANCE]: -1
[STEP]: 16 [BEST COST]: 4630 [BALANCE]: -1
[STEP]: 17 [BEST COST]: 4624 [BALANCE]: -1
[STEP]: 18 [BEST COST]: 4595 [BALANCE]: 1
[STEP]: 19 [BEST COST]: 4577 [BALANCE]: 1
[STEP]: 20 [BEST COST]: 4576 [BALANCE]: 1
[STEP]: 21 [BEST COST]: 4576 [BALANCE]: 1
[EXECUTION TIME]: 3562805 mc
[EXECUTION TIME]: 3 sec
