[GRAPH]: [NETS:] 190048 [VERTICES:] 183484
[PARTITION PARAMETERS]: [IMBALANCE]: 1
[STEP]: 1 [BEST COST]: 48372 [BALANCE]: -1
[STEP]: 2 [BEST COST]: 39602 [BALANCE]: 1
[STEP]: 3 [BEST COST]: 37290 [BALANCE]: 1
[STEP]: 4 [BEST COST]: 36525 [BALANCE]: 1
[STEP]: 5 [BEST COST]: 36244 [BALANCE]: 1
[STEP]: 6 [BEST COST]: 36165 [BALANCE]: 1
[STEP]: 7 [BEST COST]: 36118 [BALANCE]: -1
[STEP]: 8 [BEST COST]: 36076 [BALANCE]: 1
[STEP]: 9 [BEST COST]: 36047 [BALANCE]: 1
[STEP]: 10 [BEST COST]: 36030 [BALANCE]: 0
[STEP]: 11 [BEST COST]: 35976 [BALANCE]: -1
[STEP]: 12 [BEST COST]: 35967 [BALANCE]: -1
[STEP]: 13 [BEST COST]: 35814 [BALANCE]: 1
[STEP]: 14 [BEST COST]: 35650 [BALANCE]: -1
[STEP]: 15 [BEST COST]: 35591 [BALANCE]: -1
[STEP]: 16 [BEST COST]: 35567 [BALANCE]: -1
[STEP]: 17 [BEST COST]: 35552 [BALANCE]: 1
[STEP]: 18 [BEST COST]: 35542 [BALANCE]: -1
[STEP]: 19 [BEST COST]: 35535 [BALANCE]: -1
[STEP]: 20 [BEST COST]: 35502 [BALANCE]: 1
[STEP]: 21 [BEST COST]: 35432 [BALANCE]: -1
[STEP]: 22 [BEST COST]: 35417 [BALANCE]: -1
[STEP]: 23 [BEST COST]: 35406 [BALANCE]: 1
[STEP]: 24 [BEST COST]: 35369 [BALANCE]: -1
[STEP]: 25 [BEST COST]: 35359 [BALANCE]: -1
[STEP]: 26 [BEST COST]: 35342 [BALANCE]: -1
[STEP]: 27 [BEST COST]: 35334 [BALANCE]: -1
[STEP]: 28 [BEST COST]: 35327 [BALANCE]: -1
[STEP]: 29 [BEST COST]: 35301 [BALANCE]: 1
[STEP]: 30 [BEST COST]: 35289 [BALANCE]: -1
[STEP]: 31 [BEST COST]: 35277 [BALANCE]: 1
[STEP]: 32 [BEST COST]: 35270 [BALANCE]: 1
[STEP]: 33 [BEST COST]: 35264 [BALANCE]: -1
[STEP]: 34 [BEST COST]: 35254 [BALANCE]: -1
[STEP]: 35 [BEST COST]: 35252 [BALANCE]: -1
[STEP]: 36 [BEST COST]: 35241 [BALANCE]: -1
[STEP]: 37 [BEST COST]: 35126 [BALANCE]: 1
[STEP]: 38 [BEST COST]: 35104 [BALANCE]: -1
[STEP]: 39 [BEST COST]: 35103 [BALANCE]: -1
[STEP]: 40 [BEST COST]: 35089 [BALANCE]: 1
[STEP]: 41 [BEST COST]: 35075 [BALANCE]: -1
[STEP]: 42 [BEST COST]: 35068 [BALANCE]: 1
[STEP]: 43 [BEST COST]: 35065 [BALANCE]: -1
[STEP]: 44 [BEST COST]: 35050 [BALANCE]: -1
[STEP]: 45 [BEST COST]: 35041 [BALANCE]: -1
[STEP]: 46 [BEST COST]: 35037 [BALANCE]: -1
[STEP]: 47 [BEST COST]: 35030 [BALANCE]: 1
[STEP]: 48 [BEST COST]: 35028 [BALANCE]: -1
[STEP]: 49 [BEST COST]: 35004 [BALANCE]: 1
[STEP]: 50 [BEST COST]: 34986 [BALANCE]: -1
[STEP]: 51 [BEST COST]: 34983 [BALANCE]: -1
[STEP]: 52 [BEST COST]: 34983 [BALANCE]: -1
[EXECUTION TIME]: 86405668 mc
[EXECUTION TIME]: 86 sec
