[GRAPH]: [NETS:] 60902 [VERTICES:] 53395
[PARTITION PARAMETERS]: [IMBALANCE]: 1
[STEP]: 1 [BEST COST]: 14752 [BALANCE]: 1
[STEP]: 2 [BEST COST]: 11791 [BALANCE]: 1
[STEP]: 3 [BEST COST]: 11218 [BALANCE]: 1
[STEP]: 4 [BEST COST]: 10825 [BALANCE]: 1
[STEP]: 5 [BEST COST]: 10764 [BALANCE]: -1
[STEP]: 6 [BEST COST]: 10699 [BALANCE]: 1
[STEP]: 7 [BEST COST]: 10680 [BALANCE]: -1
[STEP]: 8 [BEST COST]: 10452 [BALANCE]: 1
[STEP]: 9 [BEST COST]: 10374 [BALANCE]: -1
[STEP]: 10 [BEST COST]: 10372 [BALANCE]: 1
[STEP]: 11 [BEST COST]: 10362 [BALANCE]: 1
[STEP]: 12 [BEST COST]: 10351 [BALANCE]: 1
[STEP]: 13 [BEST COST]: 10348 [BALANCE]: 1
[STEP]: 14 [BEST COST]: 10345 [BALANCE]: -1
[STEP]: 15 [BEST COST]: 10342 [BALANCE]: -1
[STEP]: 16 [BEST COST]: 10326 [BALANCE]: 1
[STEP]: 17 [BEST COST]: 10326 [BALANCE]: 1
[EXECUTION TIME]: 7263395 mc
[EXECUTION TIME]: 7 sec
