[GRAPH]: [NETS:] 34826 [VERTICES:] 32498
[PARTITION PARAMETERS]: [IMBALANCE]: 1
[STEP]: 1 [BEST COST]: 8972 [BALANCE]: 1
[STEP]: 2 [BEST COST]: 7125 [BALANCE]: 1
[STEP]: 3 [BEST COST]: 6616 [BALANCE]: -1
[STEP]: 4 [BEST COST]: 6277 [BALANCE]: -1
[STEP]: 5 [BEST COST]: 6206 [BALANCE]: 1
[STEP]: 6 [BEST COST]: 6163 [BALANCE]: 0
[STEP]: 7 [BEST COST]: 5836 [BALANCE]: -1
[STEP]: 8 [BEST COST]: 5741 [BALANCE]: -1
[STEP]: 9 [BEST COST]: 5693 [BALANCE]: -1
[STEP]: 10 [BEST COST]: 5669 [BALANCE]: -1
[STEP]: 11 [BEST COST]: 5660 [BALANCE]: 1
[STEP]: 12 [BEST COST]: 5635 [BALANCE]: 1
[STEP]: 13 [BEST COST]: 5620 [BALANCE]: 0
[STEP]: 14 [BEST COST]: 5557 [BALANCE]: -1
[STEP]: 15 [BEST COST]: 5551 [BALANCE]: -1
[STEP]: 16 [BEST COST]: 5542 [BALANCE]: 0
[STEP]: 17 [BEST COST]: 5508 [BALANCE]: 1
[STEP]: 18 [BEST COST]: 5469 [BALANCE]: 1
[STEP]: 19 [BEST COST]: 5460 [BALANCE]: 1
[STEP]: 20 [BEST COST]: 5438 [BALANCE]: -1
[STEP]: 21 [BEST COST]: 5381 [BALANCE]: 1
[STEP]: 22 [BEST COST]: 5352 [BALANCE]: -1
[STEP]: 23 [BEST COST]: 5325 [BALANCE]: -1
[STEP]: 24 [BEST COST]: 5324 [BALANCE]: 1
[STEP]: 25 [BEST COST]: 5312 [BALANCE]: 1
[STEP]: 26 [BEST COST]: 5302 [BALANCE]: -1
[STEP]: 27 [BEST COST]: 5300 [BALANCE]: 1
[STEP]: 28 [BEST COST]: 5285 [BALANCE]: -1
[STEP]: 29 [BEST COST]: 5272 [BALANCE]: -1
[STEP]: 30 [BEST COST]: 5270 [BALANCE]: 1
[STEP]: 31 [BEST COST]: 5261 [BALANCE]: -1
[STEP]: 32 [BEST COST]: 5252 [BALANCE]: 1
[STEP]: 33 [BEST COST]: 5237 [BALANCE]: -1
[STEP]: 34 [BEST COST]: 5214 [BALANCE]: 1
[STEP]: 35 [BEST COST]: 5202 [BALANCE]: 1
[STEP]: 36 [BEST COST]: 5199 [BALANCE]: 1
[STEP]: 37 [BEST COST]: 5195 [BALANCE]: 1
[STEP]: 38 [BEST COST]: 5186 [BALANCE]: -1
[STEP]: 39 [BEST COST]: 5184 [BALANCE]: -1
[STEP]: 40 [BEST COST]: 5184 [BALANCE]: -1
[EXECUTION TIME]: 9323810 mc
[EXECUTION TIME]: 9 sec
