[GRAPH]: [NETS:] 28446 [VERTICES:] 29347
[PARTITION PARAMETERS]: [IMBALANCE]: 1
[STEP]: 1 [BEST COST]: 8167 [BALANCE]: -1
[STEP]: 2 [BEST COST]: 7225 [BALANCE]: 1
[STEP]: 3 [BEST COST]: 7142 [BALANCE]: 1
[STEP]: 4 [BEST COST]: 7102 [BALANCE]: -1
[STEP]: 5 [BEST COST]: 7088 [BALANCE]: 1
[STEP]: 6 [BEST COST]: 7076 [BALANCE]: -1
[STEP]: 7 [BEST COST]: 7024 [BALANCE]: -1
[STEP]: 8 [BEST COST]: 7014 [BALANCE]: 1
[STEP]: 9 [BEST COST]: 7008 [BALANCE]: -1
[STEP]: 10 [BEST COST]: 7003 [BALANCE]: 1
[STEP]: 11 [BEST COST]: 7002 [BALANCE]: 1
[STEP]: 12 [BEST COST]: 6999 [BALANCE]: -1
[STEP]: 13 [BEST COST]: 6996 [BALANCE]: 1
[STEP]: 14 [BEST COST]: 6989 [BALANCE]: 0
[STEP]: 15 [BEST COST]: 6973 [BALANCE]: -1
[STEP]: 16 [BEST COST]: 6970 [BALANCE]: 1
[STEP]: 17 [BEST COST]: 6969 [BALANCE]: 0
[STEP]: 18 [BEST COST]: 6967 [BALANCE]: -1
[STEP]: 19 [BEST COST]: 6963 [BALANCE]: 1
[STEP]: 20 [BEST COST]: 6961 [BALANCE]: -1
[STEP]: 21 [BEST COST]: 6957 [BALANCE]: 1
[STEP]: 22 [BEST COST]: 6955 [BALANCE]: 1
[STEP]: 23 [BEST COST]: 6954 [BALANCE]: 1
[STEP]: 24 [BEST COST]: 6949 [BALANCE]: 1
[STEP]: 25 [BEST COST]: 6947 [BALANCE]: 1
[STEP]: 26 [BEST COST]: 6944 [BALANCE]: 1
[STEP]: 27 [BEST COST]: 6941 [BALANCE]: -1
[STEP]: 28 [BEST COST]: 6939 [BALANCE]: -1
[STEP]: 29 [BEST COST]: 6936 [BALANCE]: -1
[STEP]: 30 [BEST COST]: 6934 [BALANCE]: 1
[STEP]: 31 [BEST COST]: 6931 [BALANCE]: 1
[STEP]: 32 [BEST COST]: 6929 [BALANCE]: 1
[STEP]: 33 [BEST COST]: 6929 [BALANCE]: 1
[EXECUTION TIME]: 6092911 mc
[EXECUTION TIME]: 6 sec
