[GRAPH]: [NETS:] 75196 [VERTICES:] 69429
[PARTITION PARAMETERS]: [IMBALANCE]: 1
[STEP]: 1 [BEST COST]: 19351 [BALANCE]: 1
[STEP]: 2 [BEST COST]: 15526 [BALANCE]: -1
[STEP]: 3 [BEST COST]: 14485 [BALANCE]: 0
[STEP]: 4 [BEST COST]: 14065 [BALANCE]: 0
[STEP]: 5 [BEST COST]: 13793 [BALANCE]: 1
[STEP]: 6 [BEST COST]: 13660 [BALANCE]: 1
[STEP]: 7 [BEST COST]: 13582 [BALANCE]: 1
[STEP]: 8 [BEST COST]: 13562 [BALANCE]: -1
[STEP]: 9 [BEST COST]: 13498 [BALANCE]: -1
[STEP]: 10 [BEST COST]: 13470 [BALANCE]: -1
[STEP]: 11 [BEST COST]: 13426 [BALANCE]: -1
[STEP]: 12 [BEST COST]: 13382 [BALANCE]: -1
[STEP]: 13 [BEST COST]: 13099 [BALANCE]: 1
[STEP]: 14 [BEST COST]: 13071 [BALANCE]: -1
[STEP]: 15 [BEST COST]: 13067 [BALANCE]: -1
[STEP]: 16 [BEST COST]: 13052 [BALANCE]: 1
[STEP]: 17 [BEST COST]: 13046 [BALANCE]: -1
[STEP]: 18 [BEST COST]: 13039 [BALANCE]: 1
[STEP]: 19 [BEST COST]: 13036 [BALANCE]: -1
[STEP]: 20 [BEST COST]: 13035 [BALANCE]: 1
[STEP]: 21 [BEST COST]: 13013 [BALANCE]: 1
[STEP]: 22 [BEST COST]: 13003 [BALANCE]: -1
[STEP]: 23 [BEST COST]: 12980 [BALANCE]: -1
[STEP]: 24 [BEST COST]: 12940 [BALANCE]: 1
[STEP]: 25 [BEST COST]: 12916 [BALANCE]: 1
[STEP]: 26 [BEST COST]: 12915 [BALANCE]: 1
[STEP]: 27 [BEST COST]: 12914 [BALANCE]: -1
[STEP]: 28 [BEST COST]: 12913 [BALANCE]: -1
[STEP]: 29 [BEST COST]: 12912 [BALANCE]: -1
[STEP]: 30 [BEST COST]: 12911 [BALANCE]: -1
[STEP]: 31 [BEST COST]: 12911 [BALANCE]: -1
[EXECUTION TIME]: 18108015 mc
[EXECUTION TIME]: 18 sec
