[GRAPH]: [NETS:] 152772 [VERTICES:] 147605
[PARTITION PARAMETERS]: [IMBALANCE]: 1
[STEP]: 1 [BEST COST]: 35391 [BALANCE]: -1
[STEP]: 2 [BEST COST]: 27878 [BALANCE]: 1
[STEP]: 3 [BEST COST]: 25833 [BALANCE]: -1
[STEP]: 4 [BEST COST]: 24830 [BALANCE]: -1
[STEP]: 5 [BEST COST]: 24211 [BALANCE]: 1
[STEP]: 6 [BEST COST]: 23915 [BALANCE]: -1
[STEP]: 7 [BEST COST]: 23758 [BALANCE]: -1
[STEP]: 8 [BEST COST]: 23705 [BALANCE]: 1
[STEP]: 9 [BEST COST]: 23669 [BALANCE]: -1
[STEP]: 10 [BEST COST]: 23616 [BALANCE]: 1
[STEP]: 11 [BEST COST]: 23580 [BALANCE]: 1
[STEP]: 12 [BEST COST]: 23551 [BALANCE]: 1
[STEP]: 13 [BEST COST]: 23537 [BALANCE]: 1
[STEP]: 14 [BEST COST]: 23470 [BALANCE]: 1
[STEP]: 15 [BEST COST]: 23422 [BALANCE]: -1
[STEP]: 16 [BEST COST]: 23410 [BALANCE]: 1
[STEP]: 17 [BEST COST]: 23391 [BALANCE]: 1
[STEP]: 18 [BEST COST]: 23364 [BALANCE]: 1
[STEP]: 19 [BEST COST]: 23339 [BALANCE]: 1
[STEP]: 20 [BEST COST]: 23332 [BALANCE]: 1
[STEP]: 21 [BEST COST]: 23330 [BALANCE]: 1
[STEP]: 22 [BEST COST]: 23248 [BALANCE]: -1
[STEP]: 23 [BEST COST]: 23191 [BALANCE]: 1
[STEP]: 24 [BEST COST]: 23162 [BALANCE]: 1
[STEP]: 25 [BEST COST]: 23120 [BALANCE]: 1
[STEP]: 26 [BEST COST]: 23111 [BALANCE]: -1
[STEP]: 27 [BEST COST]: 23090 [BALANCE]: 1
[STEP]: 28 [BEST COST]: 23066 [BALANCE]: -1
[STEP]: 29 [BEST COST]: 23055 [BALANCE]: -1
[STEP]: 30 [BEST COST]: 23048 [BALANCE]: -1
[STEP]: 31 [BEST COST]: 23033 [BALANCE]: 1
[STEP]: 32 [BEST COST]: 23026 [BALANCE]: 1
[STEP]: 33 [BEST COST]: 23024 [BALANCE]: -1
[STEP]: 34 [BEST COST]: 23023 [BALANCE]: -1
[STEP]: 35 [BEST COST]: 22997 [BALANCE]: 1
[STEP]: 36 [BEST COST]: 22979 [BALANCE]: 1
[STEP]: 37 [BEST COST]: 22978 [BALANCE]: 1
[STEP]: 38 [BEST COST]: 22978 [BALANCE]: 1
[EXECUTION TIME]: 48412640 mc
[EXECUTION TIME]: 48 sec
