[GRAPH]: [NETS:] 81454 [VERTICES:] 70558
[PARTITION PARAMETERS]: [IMBALANCE]: 1
[STEP]: 1 [BEST COST]: 19896 [BALANCE]: 1
[STEP]: 2 [BEST COST]: 16150 [BALANCE]: -1
[STEP]: 3 [BEST COST]: 15286 [BALANCE]: 0
[STEP]: 4 [BEST COST]: 14902 [BALANCE]: 1
[STEP]: 5 [BEST COST]: 14786 [BALANCE]: 1
[STEP]: 6 [BEST COST]: 14644 [BALANCE]: 0
[STEP]: 7 [BEST COST]: 14255 [BALANCE]: -1
[STEP]: 8 [BEST COST]: 14199 [BALANCE]: 1
[STEP]: 9 [BEST COST]: 14176 [BALANCE]: -1
[STEP]: 10 [BEST COST]: 14153 [BALANCE]: -1
[STEP]: 11 [BEST COST]: 14136 [BALANCE]: -1
[STEP]: 12 [BEST COST]: 14124 [BALANCE]: 1
[STEP]: 13 [BEST COST]: 14082 [BALANCE]: 1
[STEP]: 14 [BEST COST]: 14071 [BALANCE]: 1
[STEP]: 15 [BEST COST]: 14068 [BALANCE]: -1
[STEP]: 16 [BEST COST]: 14064 [BALANCE]: 1
[STEP]: 17 [BEST COST]: 14062 [BALANCE]: 1
[STEP]: 18 [BEST COST]: 14041 [BALANCE]: 1
[STEP]: 19 [BEST COST]: 14004 [BALANCE]: 1
[STEP]: 20 [BEST COST]: 13997 [BALANCE]: 1
[STEP]: 21 [BEST COST]: 13994 [BALANCE]: 1
[STEP]: 22 [BEST COST]: 13994 [BALANCE]: 1
[EXECUTION TIME]: 12865879 mc
[EXECUTION TIME]: 12 sec
