[GRAPH]: [NETS:] 511685 [VERTICES:] 522482
[PARTITION PARAMETERS]: [IMBALANCE]: 1
[STEP]: 1 [BEST COST]: 29770 [BALANCE]: 1
[STEP]: 2 [BEST COST]: 24489 [BALANCE]: 1
[STEP]: 3 [BEST COST]: 21255 [BALANCE]: 1
[STEP]: 4 [BEST COST]: 20055 [BALANCE]: 1
[STEP]: 5 [BEST COST]: 18685 [BALANCE]: 0
[STEP]: 6 [BEST COST]: 17479 [BALANCE]: -1
[STEP]: 7 [BEST COST]: 17001 [BALANCE]: 1
[STEP]: 8 [BEST COST]: 16902 [BALANCE]: -1
[STEP]: 9 [BEST COST]: 16699 [BALANCE]: 0
[STEP]: 10 [BEST COST]: 16676 [BALANCE]: -1
[STEP]: 11 [BEST COST]: 16659 [BALANCE]: -1
[STEP]: 12 [BEST COST]: 16657 [BALANCE]: 1
[STEP]: 13 [BEST COST]: 16653 [BALANCE]: -1
[STEP]: 14 [BEST COST]: 16641 [BALANCE]: 1
[STEP]: 15 [BEST COST]: 16639 [BALANCE]: 1
[STEP]: 16 [BEST COST]: 16620 [BALANCE]: 1
[STEP]: 17 [BEST COST]: 16620 [BALANCE]: 1
[EXECUTION TIME]: 72032902 mc
[EXECUTION TIME]: 72 sec
