[GRAPH]: [NETS:] 34826 [VERTICES:] 32498
[PARTITION PARAMETERS]: [IMBALANCE]: 1
[STEP]: 1 [BEST COST]: 8863 [BALANCE]: -1
[STEP]: 2 [BEST COST]: 7005 [BALANCE]: 1
[STEP]: 3 [BEST COST]: 6349 [BALANCE]: -1
[STEP]: 4 [BEST COST]: 6170 [BALANCE]: -1
[STEP]: 5 [BEST COST]: 6120 [BALANCE]: -1
[STEP]: 6 [BEST COST]: 6086 [BALANCE]: -1
[STEP]: 7 [BEST COST]: 6052 [BALANCE]: 1
[STEP]: 8 [BEST COST]: 5980 [BALANCE]: 1
[STEP]: 9 [BEST COST]: 5962 [BALANCE]: -1
[STEP]: 10 [BEST COST]: 5936 [BALANCE]: 1
[STEP]: 11 [BEST COST]: 5902 [BALANCE]: -1
[STEP]: 12 [BEST COST]: 5868 [BALANCE]: -1
[STEP]: 13 [BEST COST]: 5853 [BALANCE]: 1
[STEP]: 14 [BEST COST]: 5836 [BALANCE]: -1
[STEP]: 15 [BEST COST]: 5809 [BALANCE]: 1
[STEP]: 16 [BEST COST]: 5779 [BALANCE]: -1
[STEP]: 17 [BEST COST]: 5772 [BALANCE]: 0
[STEP]: 18 [BEST COST]: 5747 [BALANCE]: 1
[STEP]: 19 [BEST COST]: 5740 [BALANCE]: 1
[STEP]: 20 [BEST COST]: 5732 [BALANCE]: -1
[STEP]: 21 [BEST COST]: 5730 [BALANCE]: 1
[STEP]: 22 [BEST COST]: 5727 [BALANCE]: 1
[STEP]: 23 [BEST COST]: 5719 [BALANCE]: 1
[STEP]: 24 [BEST COST]: 5717 [BALANCE]: -1
[STEP]: 25 [BEST COST]: 5703 [BALANCE]: -1
[STEP]: 26 [BEST COST]: 5702 [BALANCE]: -1
[STEP]: 27 [BEST COST]: 5702 [BALANCE]: -1
[EXECUTION TIME]: 6264369 mc
[EXECUTION TIME]: 6 sec
