[GRAPH]: [NETS:] 27401 [VERTICES:] 23136
[PARTITION PARAMETERS]: [IMBALANCE]: 1
[STEP]: 1 [BEST COST]: 6295 [BALANCE]: 1
[STEP]: 2 [BEST COST]: 5029 [BALANCE]: -1
[STEP]: 3 [BEST COST]: 4662 [BALANCE]: 0
[STEP]: 4 [BEST COST]: 4555 [BALANCE]: -1
[STEP]: 5 [BEST COST]: 4522 [BALANCE]: -1
[STEP]: 6 [BEST COST]: 4517 [BALANCE]: -1
[STEP]: 7 [BEST COST]: 4491 [BALANCE]: -1
[STEP]: 8 [BEST COST]: 4485 [BALANCE]: 1
[STEP]: 9 [BEST COST]: 4465 [BALANCE]: -1
[STEP]: 10 [BEST COST]: 4447 [BALANCE]: 1
[STEP]: 11 [BEST COST]: 4445 [BALANCE]: 1
[STEP]: 12 [BEST COST]: 4432 [BALANCE]: 0
[STEP]: 13 [BEST COST]: 4373 [BALANCE]: 1
[STEP]: 14 [BEST COST]: 4352 [BALANCE]: -1
[STEP]: 15 [BEST COST]: 4348 [BALANCE]: -1
[STEP]: 16 [BEST COST]: 4346 [BALANCE]: -1
[STEP]: 17 [BEST COST]: 4343 [BALANCE]: -1
[STEP]: 18 [BEST COST]: 4332 [BALANCE]: 1
[STEP]: 19 [BEST COST]: 4317 [BALANCE]: -1
[STEP]: 20 [BEST COST]: 4316 [BALANCE]: -1
[STEP]: 21 [BEST COST]: 4313 [BALANCE]: 1
[STEP]: 22 [BEST COST]: 4309 [BALANCE]: 1
[STEP]: 23 [BEST COST]: 4308 [BALANCE]: -1
[STEP]: 24 [BEST COST]: 4306 [BALANCE]: 1
[STEP]: 25 [BEST COST]: 4305 [BALANCE]: 1
[STEP]: 26 [BEST COST]: 4305 [BALANCE]: 1
[EXECUTION TIME]: 4617274 mc
[EXECUTION TIME]: 4 sec
