[GRAPH]: [NETS:] 190048 [VERTICES:] 183484
[PARTITION PARAMETERS]: [IMBALANCE]: 1
[STEP]: 1 [BEST COST]: 48461 [BALANCE]: -1
[STEP]: 2 [BEST COST]: 39229 [BALANCE]: 1
[STEP]: 3 [BEST COST]: 36978 [BALANCE]: 1
[STEP]: 4 [BEST COST]: 35937 [BALANCE]: -1
[STEP]: 5 [BEST COST]: 35609 [BALANCE]: -1
[STEP]: 6 [BEST COST]: 35471 [BALANCE]: 1
[STEP]: 7 [BEST COST]: 35411 [BALANCE]: 1
[STEP]: 8 [BEST COST]: 35385 [BALANCE]: 1
[STEP]: 9 [BEST COST]: 35352 [BALANCE]: -1
[STEP]: 10 [BEST COST]: 35327 [BALANCE]: -1
[STEP]: 11 [BEST COST]: 35322 [BALANCE]: 1
[STEP]: 12 [BEST COST]: 35304 [BALANCE]: 1
[STEP]: 13 [BEST COST]: 35299 [BALANCE]: -1
[STEP]: 14 [BEST COST]: 35294 [BALANCE]: 1
[STEP]: 15 [BEST COST]: 35251 [BALANCE]: 1
[STEP]: 16 [BEST COST]: 35238 [BALANCE]: -1
[STEP]: 17 [BEST COST]: 35205 [BALANCE]: 1
[STEP]: 18 [BEST COST]: 35177 [BALANCE]: -1
[STEP]: 19 [BEST COST]: 35173 [BALANCE]: 1
[STEP]: 20 [BEST COST]: 35164 [BALANCE]: -1
[STEP]: 21 [BEST COST]: 35155 [BALANCE]: 1
[STEP]: 22 [BEST COST]: 35126 [BALANCE]: -1
[STEP]: 23 [BEST COST]: 35116 [BALANCE]: 0
[STEP]: 24 [BEST COST]: 35068 [BALANCE]: 1
[STEP]: 25 [BEST COST]: 35046 [BALANCE]: -1
[STEP]: 26 [BEST COST]: 35027 [BALANCE]: -1
[STEP]: 27 [BEST COST]: 35018 [BALANCE]: 1
[STEP]: 28 [BEST COST]: 35001 [BALANCE]: -1
[STEP]: 29 [BEST COST]: 34991 [BALANCE]: -1
[STEP]: 30 [BEST COST]: 34950 [BALANCE]: 1
[STEP]: 31 [BEST COST]: 34840 [BALANCE]: 1
[STEP]: 32 [BEST COST]: 34797 [BALANCE]: -1
[STEP]: 33 [BEST COST]: 34762 [BALANCE]: -1
[STEP]: 34 [BEST COST]: 34749 [BALANCE]: -1
[STEP]: 35 [BEST COST]: 34741 [BALANCE]: -1
[STEP]: 36 [BEST COST]: 34732 [BALANCE]: -1
[STEP]: 37 [BEST COST]: 34722 [BALANCE]: -1
[STEP]: 38 [BEST COST]: 34720 [BALANCE]: -1
[STEP]: 39 [BEST COST]: 34715 [BALANCE]: 1
[STEP]: 40 [BEST COST]: 34714 [BALANCE]: 1
[STEP]: 41 [BEST COST]: 34696 [BALANCE]: -1
[STEP]: 42 [BEST COST]: 34669 [BALANCE]: -1
[STEP]: 43 [BEST COST]: 34660 [BALANCE]: 1
[STEP]: 44 [BEST COST]: 34644 [BALANCE]: -1
[STEP]: 45 [BEST COST]: 34536 [BALANCE]: 1
[STEP]: 46 [BEST COST]: 34517 [BALANCE]: -1
[STEP]: 47 [BEST COST]: 34505 [BALANCE]: 1
[STEP]: 48 [BEST COST]: 34493 [BALANCE]: -1
[STEP]: 49 [BEST COST]: 34487 [BALANCE]: -1
[STEP]: 50 [BEST COST]: 34452 [BALANCE]: 0
[STEP]: 51 [BEST COST]: 34389 [BALANCE]: 1
[STEP]: 52 [BEST COST]: 34352 [BALANCE]: -1
[STEP]: 53 [BEST COST]: 34346 [BALANCE]: -1
[STEP]: 54 [BEST COST]: 34344 [BALANCE]: -1
[STEP]: 55 [BEST COST]: 34342 [BALANCE]: 1
[STEP]: 56 [BEST COST]: 34330 [BALANCE]: -1
[STEP]: 57 [BEST COST]: 34264 [BALANCE]: 1
[STEP]: 58 [BEST COST]: 34237 [BALANCE]: -1
[STEP]: 59 [BEST COST]: 34224 [BALANCE]: -1
[STEP]: 60 [BEST COST]: 34215 [BALANCE]: -1
[STEP]: 61 [BEST COST]: 34204 [BALANCE]: 1
[STEP]: 62 [BEST COST]: 34196 [BALANCE]: 0
[STEP]: 63 [BEST COST]: 34150 [BALANCE]: 1
[STEP]: 64 [BEST COST]: 34144 [BALANCE]: 1
[STEP]: 65 [BEST COST]: 34135 [BALANCE]: 1
[STEP]: 66 [BEST COST]: 34133 [BALANCE]: 1
[STEP]: 67 [BEST COST]: 34133 [BALANCE]: 1
[EXECUTION TIME]: 111550374 mc
[EXECUTION TIME]: 111 sec
