[GRAPH]: [NETS:] 201920 [VERTICES:] 210613
[PARTITION PARAMETERS]: [IMBALANCE]: 1
[STEP]: 1 [BEST COST]: 48750 [BALANCE]: -1
[STEP]: 2 [BEST COST]: 39301 [BALANCE]: 0
[STEP]: 3 [BEST COST]: 37034 [BALANCE]: 1
[STEP]: 4 [BEST COST]: 36111 [BALANCE]: -1
[STEP]: 5 [BEST COST]: 35707 [BALANCE]: -1
[STEP]: 6 [BEST COST]: 35501 [BALANCE]: -1
[STEP]: 7 [BEST COST]: 34369 [BALANCE]: 1
[STEP]: 8 [BEST COST]: 34123 [BALANCE]: -1
[STEP]: 9 [BEST COST]: 34032 [BALANCE]: 1
[STEP]: 10 [BEST COST]: 33883 [BALANCE]: -1
[STEP]: 11 [BEST COST]: 33686 [BALANCE]: -1
[STEP]: 12 [BEST COST]: 33663 [BALANCE]: -1
[STEP]: 13 [BEST COST]: 33653 [BALANCE]: 1
[STEP]: 14 [BEST COST]: 33588 [BALANCE]: -1
[STEP]: 15 [BEST COST]: 33570 [BALANCE]: 1
[STEP]: 16 [BEST COST]: 33562 [BALANCE]: 1
[STEP]: 17 [BEST COST]: 33557 [BALANCE]: -1
[STEP]: 18 [BEST COST]: 33508 [BALANCE]: 1
[STEP]: 19 [BEST COST]: 33458 [BALANCE]: 1
[STEP]: 20 [BEST COST]: 33439 [BALANCE]: 1
[STEP]: 21 [BEST COST]: 33409 [BALANCE]: 1
[STEP]: 22 [BEST COST]: 33332 [BALANCE]: -1
[STEP]: 23 [BEST COST]: 33154 [BALANCE]: 1
[STEP]: 24 [BEST COST]: 33080 [BALANCE]: 1
[STEP]: 25 [BEST COST]: 33020 [BALANCE]: 1
[STEP]: 26 [BEST COST]: 33008 [BALANCE]: -1
[STEP]: 27 [BEST COST]: 32971 [BALANCE]: -1
[STEP]: 28 [BEST COST]: 32956 [BALANCE]: 1
[STEP]: 29 [BEST COST]: 32947 [BALANCE]: 1
[STEP]: 30 [BEST COST]: 32918 [BALANCE]: 1
[STEP]: 31 [BEST COST]: 32902 [BALANCE]: 1
[STEP]: 32 [BEST COST]: 32886 [BALANCE]: -1
[STEP]: 33 [BEST COST]: 32843 [BALANCE]: 1
[STEP]: 34 [BEST COST]: 32750 [BALANCE]: -1
[STEP]: 35 [BEST COST]: 32705 [BALANCE]: -1
[STEP]: 36 [BEST COST]: 32690 [BALANCE]: -1
[STEP]: 37 [BEST COST]: 32672 [BALANCE]: 0
[STEP]: 38 [BEST COST]: 32616 [BALANCE]: 1
[STEP]: 39 [BEST COST]: 32595 [BALANCE]: -1
[STEP]: 40 [BEST COST]: 32589 [BALANCE]: 1
[STEP]: 41 [BEST COST]: 32574 [BALANCE]: -1
[STEP]: 42 [BEST COST]: 32556 [BALANCE]: 1
[STEP]: 43 [BEST COST]: 32534 [BALANCE]: 1
[STEP]: 44 [BEST COST]: 32522 [BALANCE]: 1
[STEP]: 45 [BEST COST]: 32515 [BALANCE]: 1
[STEP]: 46 [BEST COST]: 32502 [BALANCE]: 1
[STEP]: 47 [BEST COST]: 32471 [BALANCE]: -1
[STEP]: 48 [BEST COST]: 32471 [BALANCE]: -1
[EXECUTION TIME]: 84445277 mc
[EXECUTION TIME]: 84 sec
