[GRAPH]: [NETS:] 75196 [VERTICES:] 69429
[PARTITION PARAMETERS]: [IMBALANCE]: 1
[STEP]: 1 [BEST COST]: 19234 [BALANCE]: 1
[STEP]: 2 [BEST COST]: 15099 [BALANCE]: 1
[STEP]: 3 [BEST COST]: 13961 [BALANCE]: 0
[STEP]: 4 [BEST COST]: 13559 [BALANCE]: -1
[STEP]: 5 [BEST COST]: 13433 [BALANCE]: -1
[STEP]: 6 [BEST COST]: 13303 [BALANCE]: -1
[STEP]: 7 [BEST COST]: 13261 [BALANCE]: -1
[STEP]: 8 [BEST COST]: 13127 [BALANCE]: -1
[STEP]: 9 [BEST COST]: 13084 [BALANCE]: -1
[STEP]: 10 [BEST COST]: 13046 [BALANCE]: -1
[STEP]: 11 [BEST COST]: 13021 [BALANCE]: 1
[STEP]: 12 [BEST COST]: 13013 [BALANCE]: -1
[STEP]: 13 [BEST COST]: 13008 [BALANCE]: -1
[STEP]: 14 [BEST COST]: 12886 [BALANCE]: 1
[STEP]: 15 [BEST COST]: 12701 [BALANCE]: 1
[STEP]: 16 [BEST COST]: 12668 [BALANCE]: 1
[STEP]: 17 [BEST COST]: 12652 [BALANCE]: -1
[STEP]: 18 [BEST COST]: 12650 [BALANCE]: 1
[STEP]: 19 [BEST COST]: 12635 [BALANCE]: -1
[STEP]: 20 [BEST COST]: 12635 [BALANCE]: -1
[EXECUTION TIME]: 11814195 mc
[EXECUTION TIME]: 11 sec
