[GRAPH]: [NETS:] 77240 [VERTICES:] 71076
[PARTITION PARAMETERS]: [IMBALANCE]: 1
[STEP]: 1 [BEST COST]: 22103 [BALANCE]: -1
[STEP]: 2 [BEST COST]: 18179 [BALANCE]: 1
[STEP]: 3 [BEST COST]: 16451 [BALANCE]: -1
[STEP]: 4 [BEST COST]: 15567 [BALANCE]: 1
[STEP]: 5 [BEST COST]: 15322 [BALANCE]: -1
[STEP]: 6 [BEST COST]: 15239 [BALANCE]: -1
[STEP]: 7 [BEST COST]: 15194 [BALANCE]: -1
[STEP]: 8 [BEST COST]: 15177 [BALANCE]: 1
[STEP]: 9 [BEST COST]: 15172 [BALANCE]: -1
[STEP]: 10 [BEST COST]: 15160 [BALANCE]: -1
[STEP]: 11 [BEST COST]: 15151 [BALANCE]: -1
[STEP]: 12 [BEST COST]: 15119 [BALANCE]: 1
[STEP]: 13 [BEST COST]: 15111 [BALANCE]: -1
[STEP]: 14 [BEST COST]: 15093 [BALANCE]: -1
[STEP]: 15 [BEST COST]: 15086 [BALANCE]: -1
[STEP]: 16 [BEST COST]: 15077 [BALANCE]: -1
[STEP]: 17 [BEST COST]: 15027 [BALANCE]: -1
[STEP]: 18 [BEST COST]: 14964 [BALANCE]: 1
[STEP]: 19 [BEST COST]: 14956 [BALANCE]: 1
[STEP]: 20 [BEST COST]: 14943 [BALANCE]: 1
[STEP]: 21 [BEST COST]: 14937 [BALANCE]: 1
[STEP]: 22 [BEST COST]: 14935 [BALANCE]: -1
[STEP]: 23 [BEST COST]: 14922 [BALANCE]: -1
[STEP]: 24 [BEST COST]: 14890 [BALANCE]: -1
[STEP]: 25 [BEST COST]: 14881 [BALANCE]: -1
[STEP]: 26 [BEST COST]: 14871 [BALANCE]: 1
[STEP]: 27 [BEST COST]: 14866 [BALANCE]: 1
[STEP]: 28 [BEST COST]: 14784 [BALANCE]: 1
[STEP]: 29 [BEST COST]: 14762 [BALANCE]: -1
[STEP]: 30 [BEST COST]: 14727 [BALANCE]: 1
[STEP]: 31 [BEST COST]: 14717 [BALANCE]: 1
[STEP]: 32 [BEST COST]: 14714 [BALANCE]: -1
[STEP]: 33 [BEST COST]: 14711 [BALANCE]: -1
[STEP]: 34 [BEST COST]: 14708 [BALANCE]: 1
[STEP]: 35 [BEST COST]: 14703 [BALANCE]: 1
[STEP]: 36 [BEST COST]: 14703 [BALANCE]: 1
[EXECUTION TIME]: 21585653 mc
[EXECUTION TIME]: 21 sec
