[GRAPH]: [NETS:] 81454 [VERTICES:] 70558
[PARTITION PARAMETERS]: [IMBALANCE]: 1
[STEP]: 1 [BEST COST]: 19769 [BALANCE]: -1
[STEP]: 2 [BEST COST]: 15968 [BALANCE]: -1
[STEP]: 3 [BEST COST]: 14944 [BALANCE]: 1
[STEP]: 4 [BEST COST]: 14569 [BALANCE]: -1
[STEP]: 5 [BEST COST]: 14408 [BALANCE]: 1
[STEP]: 6 [BEST COST]: 14254 [BALANCE]: 1
[STEP]: 7 [BEST COST]: 14157 [BALANCE]: 1
[STEP]: 8 [BEST COST]: 13921 [BALANCE]: 1
[STEP]: 9 [BEST COST]: 13866 [BALANCE]: 0
[STEP]: 10 [BEST COST]: 13673 [BALANCE]: -1
[STEP]: 11 [BEST COST]: 13667 [BALANCE]: -1
[STEP]: 12 [BEST COST]: 13658 [BALANCE]: -1
[STEP]: 13 [BEST COST]: 13647 [BALANCE]: -1
[STEP]: 14 [BEST COST]: 13603 [BALANCE]: 1
[STEP]: 15 [BEST COST]: 13585 [BALANCE]: 1
[STEP]: 16 [BEST COST]: 13581 [BALANCE]: 1
[STEP]: 17 [BEST COST]: 13570 [BALANCE]: 1
[STEP]: 18 [BEST COST]: 13559 [BALANCE]: 1
[STEP]: 19 [BEST COST]: 13558 [BALANCE]: 1
[STEP]: 20 [BEST COST]: 13558 [BALANCE]: 1
[EXECUTION TIME]: 11802923 mc
[EXECUTION TIME]: 11 sec
