[GRAPH]: [NETS:] 152772 [VERTICES:] 147605
[PARTITION PARAMETERS]: [IMBALANCE]: 1
[STEP]: 1 [BEST COST]: 35542 [BALANCE]: -1
[STEP]: 2 [BEST COST]: 27894 [BALANCE]: 0
[STEP]: 3 [BEST COST]: 25274 [BALANCE]: -1
[STEP]: 4 [BEST COST]: 24198 [BALANCE]: -1
[STEP]: 5 [BEST COST]: 23868 [BALANCE]: 1
[STEP]: 6 [BEST COST]: 23744 [BALANCE]: 1
[STEP]: 7 [BEST COST]: 23690 [BALANCE]: -1
[STEP]: 8 [BEST COST]: 23668 [BALANCE]: 1
[STEP]: 9 [BEST COST]: 23656 [BALANCE]: -1
[STEP]: 10 [BEST COST]: 23647 [BALANCE]: 1
[STEP]: 11 [BEST COST]: 23581 [BALANCE]: -1
[STEP]: 12 [BEST COST]: 23518 [BALANCE]: -1
[STEP]: 13 [BEST COST]: 23507 [BALANCE]: 1
[STEP]: 14 [BEST COST]: 23495 [BALANCE]: -1
[STEP]: 15 [BEST COST]: 23479 [BALANCE]: 1
[STEP]: 16 [BEST COST]: 23469 [BALANCE]: -1
[STEP]: 17 [BEST COST]: 23469 [BALANCE]: -1
[EXECUTION TIME]: 21406737 mc
[EXECUTION TIME]: 21 sec
