[GRAPH]: [NETS:] 99666 [VERTICES:] 84199
[PARTITION PARAMETERS]: [IMBALANCE]: 1
[STEP]: 1 [BEST COST]: 24206 [BALANCE]: 1
[STEP]: 2 [BEST COST]: 18943 [BALANCE]: 1
[STEP]: 3 [BEST COST]: 17604 [BALANCE]: 1
[STEP]: 4 [BEST COST]: 17266 [BALANCE]: 1
[STEP]: 5 [BEST COST]: 17099 [BALANCE]: -1
[STEP]: 6 [BEST COST]: 17049 [BALANCE]: -1
[STEP]: 7 [BEST COST]: 17017 [BALANCE]: 0
[STEP]: 8 [BEST COST]: 16620 [BALANCE]: -1
[STEP]: 9 [BEST COST]: 16530 [BALANCE]: 1
[STEP]: 10 [BEST COST]: 16500 [BALANCE]: -1
[STEP]: 11 [BEST COST]: 16492 [BALANCE]: -1
[STEP]: 12 [BEST COST]: 16459 [BALANCE]: -1
[STEP]: 13 [BEST COST]: 16454 [BALANCE]: -1
[STEP]: 14 [BEST COST]: 16450 [BALANCE]: 1
[STEP]: 15 [BEST COST]: 16404 [BALANCE]: 1
[STEP]: 16 [BEST COST]: 16388 [BALANCE]: 1
[STEP]: 17 [BEST COST]: 16384 [BALANCE]: -1
[STEP]: 18 [BEST COST]: 16372 [BALANCE]: 1
[STEP]: 19 [BEST COST]: 16362 [BALANCE]: 0
[STEP]: 20 [BEST COST]: 16320 [BALANCE]: -1
[STEP]: 21 [BEST COST]: 16318 [BALANCE]: -1
[STEP]: 22 [BEST COST]: 16293 [BALANCE]: -1
[STEP]: 23 [BEST COST]: 16265 [BALANCE]: -1
[STEP]: 24 [BEST COST]: 16232 [BALANCE]: 1
[STEP]: 25 [BEST COST]: 16222 [BALANCE]: 1
[STEP]: 26 [BEST COST]: 16218 [BALANCE]: 1
[STEP]: 27 [BEST COST]: 16218 [BALANCE]: 1
[EXECUTION TIME]: 19415242 mc
[EXECUTION TIME]: 19 sec
