[GRAPH]: [NETS:] 189581 [VERTICES:] 185495
[PARTITION PARAMETERS]: [IMBALANCE]: 1
[STEP]: 1 [BEST COST]: 55847 [BALANCE]: -1
[STEP]: 2 [BEST COST]: 46593 [BALANCE]: -1
[STEP]: 3 [BEST COST]: 43605 [BALANCE]: -1
[STEP]: 4 [BEST COST]: 42244 [BALANCE]: 1
[STEP]: 5 [BEST COST]: 41875 [BALANCE]: -1
[STEP]: 6 [BEST COST]: 41535 [BALANCE]: -1
[STEP]: 7 [BEST COST]: 41449 [BALANCE]: 1
[STEP]: 8 [BEST COST]: 41359 [BALANCE]: 1
[STEP]: 9 [BEST COST]: 41278 [BALANCE]: 1
[STEP]: 10 [BEST COST]: 41218 [BALANCE]: 1
[STEP]: 11 [BEST COST]: 41080 [BALANCE]: 1
[STEP]: 12 [BEST COST]: 41041 [BALANCE]: 1
[STEP]: 13 [BEST COST]: 40969 [BALANCE]: -1
[STEP]: 14 [BEST COST]: 40950 [BALANCE]: 1
[STEP]: 15 [BEST COST]: 40879 [BALANCE]: -1
[STEP]: 16 [BEST COST]: 40792 [BALANCE]: 0
[STEP]: 17 [BEST COST]: 40547 [BALANCE]: 1
[STEP]: 18 [BEST COST]: 40465 [BALANCE]: -1
[STEP]: 19 [BEST COST]: 40449 [BALANCE]: 1
[STEP]: 20 [BEST COST]: 40428 [BALANCE]: 1
[STEP]: 21 [BEST COST]: 40421 [BALANCE]: -1
[STEP]: 22 [BEST COST]: 40420 [BALANCE]: 0
[STEP]: 23 [BEST COST]: 40420 [BALANCE]: 0
[EXECUTION TIME]: 40481329 mc
[EXECUTION TIME]: 40 sec
