[GRAPH]: [NETS:] 186608 [VERTICES:] 161570
[PARTITION PARAMETERS]: [IMBALANCE]: 1
[STEP]: 1 [BEST COST]: 45610 [BALANCE]: -1
[STEP]: 2 [BEST COST]: 36004 [BALANCE]: -1
[STEP]: 3 [BEST COST]: 33783 [BALANCE]: -1
[STEP]: 4 [BEST COST]: 32961 [BALANCE]: -1
[STEP]: 5 [BEST COST]: 32724 [BALANCE]: 1
[STEP]: 6 [BEST COST]: 32542 [BALANCE]: 0
[STEP]: 7 [BEST COST]: 31455 [BALANCE]: 1
[STEP]: 8 [BEST COST]: 31049 [BALANCE]: -1
[STEP]: 9 [BEST COST]: 30911 [BALANCE]: -1
[STEP]: 10 [BEST COST]: 30855 [BALANCE]: 1
[STEP]: 11 [BEST COST]: 30644 [BALANCE]: -1
[STEP]: 12 [BEST COST]: 30533 [BALANCE]: -1
[STEP]: 13 [BEST COST]: 30511 [BALANCE]: -1
[STEP]: 14 [BEST COST]: 30479 [BALANCE]: 1
[STEP]: 15 [BEST COST]: 30459 [BALANCE]: 1
[STEP]: 16 [BEST COST]: 30451 [BALANCE]: -1
[STEP]: 17 [BEST COST]: 30426 [BALANCE]: 1
[STEP]: 18 [BEST COST]: 30424 [BALANCE]: 0
[STEP]: 19 [BEST COST]: 30424 [BALANCE]: 0
[EXECUTION TIME]: 29097312 mc
[EXECUTION TIME]: 29 sec
