[GRAPH]: [NETS:] 28446 [VERTICES:] 29347
[PARTITION PARAMETERS]: [IMBALANCE]: 1
[STEP]: 1 [BEST COST]: 8164 [BALANCE]: -1
[STEP]: 2 [BEST COST]: 7280 [BALANCE]: -1
[STEP]: 3 [BEST COST]: 7046 [BALANCE]: 1
[STEP]: 4 [BEST COST]: 6989 [BALANCE]: -1
[STEP]: 5 [BEST COST]: 6975 [BALANCE]: -1
[STEP]: 6 [BEST COST]: 6956 [BALANCE]: -1
[STEP]: 7 [BEST COST]: 6940 [BALANCE]: 0
[STEP]: 8 [BEST COST]: 6928 [BALANCE]: -1
[STEP]: 9 [BEST COST]: 6876 [BALANCE]: 1
[STEP]: 10 [BEST COST]: 6868 [BALANCE]: 0
[STEP]: 11 [BEST COST]: 6856 [BALANCE]: -1
[STEP]: 12 [BEST COST]: 6848 [BALANCE]: -1
[STEP]: 13 [BEST COST]: 6827 [BALANCE]: -1
[STEP]: 14 [BEST COST]: 6817 [BALANCE]: 1
[STEP]: 15 [BEST COST]: 6811 [BALANCE]: 1
[STEP]: 16 [BEST COST]: 6794 [BALANCE]: 1
[STEP]: 17 [BEST COST]: 6789 [BALANCE]: 1
[STEP]: 18 [BEST COST]: 6789 [BALANCE]: 1
[EXECUTION TIME]: 3287692 mc
[EXECUTION TIME]: 3 sec
