[GRAPH]: [NETS:] 31970 [VERTICES:] 27507
[PARTITION PARAMETERS]: [IMBALANCE]: 1
[STEP]: 1 [BEST COST]: 7588 [BALANCE]: 1
[STEP]: 2 [BEST COST]: 6103 [BALANCE]: -1
[STEP]: 3 [BEST COST]: 5663 [BALANCE]: 1
[STEP]: 4 [BEST COST]: 5482 [BALANCE]: -1
[STEP]: 5 [BEST COST]: 5378 [BALANCE]: 1
[STEP]: 6 [BEST COST]: 5364 [BALANCE]: -1
[STEP]: 7 [BEST COST]: 5349 [BALANCE]: -1
[STEP]: 8 [BEST COST]: 5345 [BALANCE]: -1
[STEP]: 9 [BEST COST]: 5283 [BALANCE]: 1
[STEP]: 10 [BEST COST]: 5263 [BALANCE]: -1
[STEP]: 11 [BEST COST]: 5248 [BALANCE]: 1
[STEP]: 12 [BEST COST]: 5183 [BALANCE]: -1
[STEP]: 13 [BEST COST]: 5181 [BALANCE]: -1
[STEP]: 14 [BEST COST]: 5178 [BALANCE]: -1
[STEP]: 15 [BEST COST]: 5174 [BALANCE]: -1
[STEP]: 16 [BEST COST]: 5170 [BALANCE]: 1
[STEP]: 17 [BEST COST]: 5169 [BALANCE]: -1
[STEP]: 18 [BEST COST]: 5157 [BALANCE]: -1
[STEP]: 19 [BEST COST]: 5142 [BALANCE]: -1
[STEP]: 20 [BEST COST]: 5139 [BALANCE]: 1
[STEP]: 21 [BEST COST]: 5137 [BALANCE]: -1
[STEP]: 22 [BEST COST]: 5133 [BALANCE]: 1
[STEP]: 23 [BEST COST]: 5132 [BALANCE]: -1
[STEP]: 24 [BEST COST]: 5131 [BALANCE]: -1
[STEP]: 25 [BEST COST]: 5131 [BALANCE]: -1
[EXECUTION TIME]: 5352428 mc
[EXECUTION TIME]: 5 sec
