[GRAPH]: [NETS:] 60902 [VERTICES:] 53395
[PARTITION PARAMETERS]: [IMBALANCE]: 1
[STEP]: 1 [BEST COST]: 14820 [BALANCE]: 0
[STEP]: 2 [BEST COST]: 11851 [BALANCE]: 1
[STEP]: 3 [BEST COST]: 11012 [BALANCE]: 0
[STEP]: 4 [BEST COST]: 10766 [BALANCE]: -1
[STEP]: 5 [BEST COST]: 10651 [BALANCE]: -1
[STEP]: 6 [BEST COST]: 10604 [BALANCE]: -1
[STEP]: 7 [BEST COST]: 10583 [BALANCE]: 1
[STEP]: 8 [BEST COST]: 10513 [BALANCE]: 1
[STEP]: 9 [BEST COST]: 10504 [BALANCE]: -1
[STEP]: 10 [BEST COST]: 10497 [BALANCE]: 1
[STEP]: 11 [BEST COST]: 10476 [BALANCE]: -1
[STEP]: 12 [BEST COST]: 10446 [BALANCE]: -1
[STEP]: 13 [BEST COST]: 10443 [BALANCE]: 1
[STEP]: 14 [BEST COST]: 10430 [BALANCE]: -1
[STEP]: 15 [BEST COST]: 10358 [BALANCE]: -1
[STEP]: 16 [BEST COST]: 10318 [BALANCE]: 1
[STEP]: 17 [BEST COST]: 10315 [BALANCE]: 1
[STEP]: 18 [BEST COST]: 10308 [BALANCE]: -1
[STEP]: 19 [BEST COST]: 10308 [BALANCE]: -1
[EXECUTION TIME]: 8222798 mc
[EXECUTION TIME]: 8 sec
